[2022-11-14 20:25:12] local.INFO: 异常来源：InvalidArgumentException  
[2022-11-14 20:25:12] local.ERROR: Please provide a valid cache path. {"exception":"[object] (InvalidArgumentException(code: 0): Please provide a valid cache path. at /home/wwwroot/admin.cnmb.win/SSRPanel/vendor/laravel/framework/src/Illuminate/View/Compilers/Compiler.php:36)
[stacktrace]
#0 /home/wwwroot/admin.cnmb.win/SSRPanel/vendor/laravel/framework/src/Illuminate/View/ViewServiceProvider.php(141): Illuminate\\View\\Compilers\\Compiler->__construct()
#1 /home/wwwroot/admin.cnmb.win/SSRPanel/vendor/laravel/framework/src/Illuminate/Container/Container.php(764): Illuminate\\View\\ViewServiceProvider->Illuminate\\View\\{closure}()
#2 /home/wwwroot/admin.cnmb.win/SSRPanel/vendor/laravel/framework/src/Illuminate/Container/Container.php(646): Illuminate\\Container\\Container->build()
#3 /home/wwwroot/admin.cnmb.win/SSRPanel/vendor/laravel/framework/src/Illuminate/Container/Container.php(601): Illuminate\\Container\\Container->resolve()
#4 /home/wwwroot/admin.cnmb.win/SSRPanel/vendor/laravel/framework/src/Illuminate/Foundation/Application.php(734): Illuminate\\Container\\Container->make()
#5 /home/wwwroot/admin.cnmb.win/SSRPanel/vendor/laravel/framework/src/Illuminate/Container/Container.php(1210): Illuminate\\Foundation\\Application->make()
#6 /home/wwwroot/admin.cnmb.win/SSRPanel/vendor/laravel/framework/src/Illuminate/View/ViewServiceProvider.php(146): Illuminate\\Container\\Container->offsetGet()
#7 [internal function]: Illuminate\\View\\ViewServiceProvider->Illuminate\\View\\{closure}()
#8 /home/wwwroot/admin.cnmb.win/SSRPanel/vendor/laravel/framework/src/Illuminate/View/Engines/EngineResolver.php(54): call_user_func()
#9 /home/wwwroot/admin.cnmb.win/SSRPanel/vendor/laravel/framework/src/Illuminate/Support/Facades/Blade.php(34): Illuminate\\View\\Engines\\EngineResolver->resolve()
#10 /home/wwwroot/admin.cnmb.win/SSRPanel/vendor/laravel/framework/src/Illuminate/Support/Facades/Facade.php(130): Illuminate\\Support\\Facades\\Blade::getFacadeAccessor()
#11 /home/wwwroot/admin.cnmb.win/SSRPanel/vendor/laravel/framework/src/Illuminate/Support/Facades/Facade.php(217): Illuminate\\Support\\Facades\\Facade::getFacadeRoot()
#12 /home/wwwroot/admin.cnmb.win/SSRPanel/vendor/misechow/geetest/src/GeetestServiceProvider.php(50): Illuminate\\Support\\Facades\\Facade::__callStatic()
#13 [internal function]: Misechow\\Geetest\\GeetestServiceProvider->boot()
#14 /home/wwwroot/admin.cnmb.win/SSRPanel/vendor/laravel/framework/src/Illuminate/Container/BoundMethod.php(29): call_user_func_array()
#15 /home/wwwroot/admin.cnmb.win/SSRPanel/vendor/laravel/framework/src/Illuminate/Container/BoundMethod.php(87): Illuminate\\Container\\BoundMethod::Illuminate\\Container\\{closure}()
#16 /home/wwwroot/admin.cnmb.win/SSRPanel/vendor/laravel/framework/src/Illuminate/Container/BoundMethod.php(31): Illuminate\\Container\\BoundMethod::callBoundMethod()
#17 /home/wwwroot/admin.cnmb.win/SSRPanel/vendor/laravel/framework/src/Illuminate/Container/Container.php(564): Illuminate\\Container\\BoundMethod::call()
#18 /home/wwwroot/admin.cnmb.win/SSRPanel/vendor/laravel/framework/src/Illuminate/Foundation/Application.php(794): Illuminate\\Container\\Container->call()
#19 /home/wwwroot/admin.cnmb.win/SSRPanel/vendor/laravel/framework/src/Illuminate/Foundation/Application.php(777): Illuminate\\Foundation\\Application->bootProvider()
#20 [internal function]: Illuminate\\Foundation\\Application->Illuminate\\Foundation\\{closure}()
#21 /home/wwwroot/admin.cnmb.win/SSRPanel/vendor/laravel/framework/src/Illuminate/Foundation/Application.php(778): array_walk()
#22 /home/wwwroot/admin.cnmb.win/SSRPanel/vendor/laravel/framework/src/Illuminate/Foundation/Bootstrap/BootProviders.php(17): Illuminate\\Foundation\\Application->boot()
#23 /home/wwwroot/admin.cnmb.win/SSRPanel/vendor/laravel/framework/src/Illuminate/Foundation/Application.php(206): Illuminate\\Foundation\\Bootstrap\\BootProviders->bootstrap()
#24 /home/wwwroot/admin.cnmb.win/SSRPanel/vendor/laravel/framework/src/Illuminate/Foundation/Console/Kernel.php(297): Illuminate\\Foundation\\Application->bootstrapWith()
#25 /home/wwwroot/admin.cnmb.win/SSRPanel/vendor/laravel/framework/src/Illuminate/Foundation/Console/Kernel.php(120): Illuminate\\Foundation\\Console\\Kernel->bootstrap()
#26 /home/wwwroot/admin.cnmb.win/SSRPanel/artisan(37): Illuminate\\Foundation\\Console\\Kernel->handle()
#27 {main}
"} 
[2022-11-14 20:27:43] local.INFO: 异常来源：InvalidArgumentException  
[2022-11-14 20:27:43] local.ERROR: Please provide a valid cache path. {"exception":"[object] (InvalidArgumentException(code: 0): Please provide a valid cache path. at /home/wwwroot/admin.cnmb.win/SSRPanel/vendor/laravel/framework/src/Illuminate/View/Compilers/Compiler.php:36)
[stacktrace]
#0 /home/wwwroot/admin.cnmb.win/SSRPanel/vendor/laravel/framework/src/Illuminate/View/ViewServiceProvider.php(141): Illuminate\\View\\Compilers\\Compiler->__construct()
#1 /home/wwwroot/admin.cnmb.win/SSRPanel/vendor/laravel/framework/src/Illuminate/Container/Container.php(764): Illuminate\\View\\ViewServiceProvider->Illuminate\\View\\{closure}()
#2 /home/wwwroot/admin.cnmb.win/SSRPanel/vendor/laravel/framework/src/Illuminate/Container/Container.php(646): Illuminate\\Container\\Container->build()
#3 /home/wwwroot/admin.cnmb.win/SSRPanel/vendor/laravel/framework/src/Illuminate/Container/Container.php(601): Illuminate\\Container\\Container->resolve()
#4 /home/wwwroot/admin.cnmb.win/SSRPanel/vendor/laravel/framework/src/Illuminate/Foundation/Application.php(734): Illuminate\\Container\\Container->make()
#5 /home/wwwroot/admin.cnmb.win/SSRPanel/vendor/laravel/framework/src/Illuminate/Container/Container.php(1210): Illuminate\\Foundation\\Application->make()
#6 /home/wwwroot/admin.cnmb.win/SSRPanel/vendor/laravel/framework/src/Illuminate/View/ViewServiceProvider.php(146): Illuminate\\Container\\Container->offsetGet()
#7 [internal function]: Illuminate\\View\\ViewServiceProvider->Illuminate\\View\\{closure}()
#8 /home/wwwroot/admin.cnmb.win/SSRPanel/vendor/laravel/framework/src/Illuminate/View/Engines/EngineResolver.php(54): call_user_func()
#9 /home/wwwroot/admin.cnmb.win/SSRPanel/vendor/laravel/framework/src/Illuminate/Support/Facades/Blade.php(34): Illuminate\\View\\Engines\\EngineResolver->resolve()
#10 /home/wwwroot/admin.cnmb.win/SSRPanel/vendor/laravel/framework/src/Illuminate/Support/Facades/Facade.php(130): Illuminate\\Support\\Facades\\Blade::getFacadeAccessor()
#11 /home/wwwroot/admin.cnmb.win/SSRPanel/vendor/laravel/framework/src/Illuminate/Support/Facades/Facade.php(217): Illuminate\\Support\\Facades\\Facade::getFacadeRoot()
#12 /home/wwwroot/admin.cnmb.win/SSRPanel/vendor/misechow/geetest/src/GeetestServiceProvider.php(50): Illuminate\\Support\\Facades\\Facade::__callStatic()
#13 [internal function]: Misechow\\Geetest\\GeetestServiceProvider->boot()
#14 /home/wwwroot/admin.cnmb.win/SSRPanel/vendor/laravel/framework/src/Illuminate/Container/BoundMethod.php(29): call_user_func_array()
#15 /home/wwwroot/admin.cnmb.win/SSRPanel/vendor/laravel/framework/src/Illuminate/Container/BoundMethod.php(87): Illuminate\\Container\\BoundMethod::Illuminate\\Container\\{closure}()
#16 /home/wwwroot/admin.cnmb.win/SSRPanel/vendor/laravel/framework/src/Illuminate/Container/BoundMethod.php(31): Illuminate\\Container\\BoundMethod::callBoundMethod()
#17 /home/wwwroot/admin.cnmb.win/SSRPanel/vendor/laravel/framework/src/Illuminate/Container/Container.php(564): Illuminate\\Container\\BoundMethod::call()
#18 /home/wwwroot/admin.cnmb.win/SSRPanel/vendor/laravel/framework/src/Illuminate/Foundation/Application.php(794): Illuminate\\Container\\Container->call()
#19 /home/wwwroot/admin.cnmb.win/SSRPanel/vendor/laravel/framework/src/Illuminate/Foundation/Application.php(777): Illuminate\\Foundation\\Application->bootProvider()
#20 [internal function]: Illuminate\\Foundation\\Application->Illuminate\\Foundation\\{closure}()
#21 /home/wwwroot/admin.cnmb.win/SSRPanel/vendor/laravel/framework/src/Illuminate/Foundation/Application.php(778): array_walk()
#22 /home/wwwroot/admin.cnmb.win/SSRPanel/vendor/laravel/framework/src/Illuminate/Foundation/Bootstrap/BootProviders.php(17): Illuminate\\Foundation\\Application->boot()
#23 /home/wwwroot/admin.cnmb.win/SSRPanel/vendor/laravel/framework/src/Illuminate/Foundation/Application.php(206): Illuminate\\Foundation\\Bootstrap\\BootProviders->bootstrap()
#24 /home/wwwroot/admin.cnmb.win/SSRPanel/vendor/laravel/framework/src/Illuminate/Foundation/Console/Kernel.php(297): Illuminate\\Foundation\\Application->bootstrapWith()
#25 /home/wwwroot/admin.cnmb.win/SSRPanel/vendor/laravel/framework/src/Illuminate/Foundation/Console/Kernel.php(120): Illuminate\\Foundation\\Console\\Kernel->bootstrap()
#26 /home/wwwroot/admin.cnmb.win/SSRPanel/artisan(37): Illuminate\\Foundation\\Console\\Kernel->handle()
#27 {main}
"} 
[2022-11-14 20:29:08] local.INFO: 异常来源：InvalidArgumentException  
[2022-11-14 20:29:08] local.ERROR: Please provide a valid cache path. {"exception":"[object] (InvalidArgumentException(code: 0): Please provide a valid cache path. at /home/wwwroot/admin.cnmb.win/SSRPanel/vendor/laravel/framework/src/Illuminate/View/Compilers/Compiler.php:36)
[stacktrace]
#0 /home/wwwroot/admin.cnmb.win/SSRPanel/vendor/laravel/framework/src/Illuminate/View/ViewServiceProvider.php(141): Illuminate\\View\\Compilers\\Compiler->__construct()
#1 /home/wwwroot/admin.cnmb.win/SSRPanel/vendor/laravel/framework/src/Illuminate/Container/Container.php(764): Illuminate\\View\\ViewServiceProvider->Illuminate\\View\\{closure}()
#2 /home/wwwroot/admin.cnmb.win/SSRPanel/vendor/laravel/framework/src/Illuminate/Container/Container.php(646): Illuminate\\Container\\Container->build()
#3 /home/wwwroot/admin.cnmb.win/SSRPanel/vendor/laravel/framework/src/Illuminate/Container/Container.php(601): Illuminate\\Container\\Container->resolve()
#4 /home/wwwroot/admin.cnmb.win/SSRPanel/vendor/laravel/framework/src/Illuminate/Foundation/Application.php(734): Illuminate\\Container\\Container->make()
#5 /home/wwwroot/admin.cnmb.win/SSRPanel/vendor/laravel/framework/src/Illuminate/Container/Container.php(1210): Illuminate\\Foundation\\Application->make()
#6 /home/wwwroot/admin.cnmb.win/SSRPanel/vendor/laravel/framework/src/Illuminate/View/ViewServiceProvider.php(146): Illuminate\\Container\\Container->offsetGet()
#7 [internal function]: Illuminate\\View\\ViewServiceProvider->Illuminate\\View\\{closure}()
#8 /home/wwwroot/admin.cnmb.win/SSRPanel/vendor/laravel/framework/src/Illuminate/View/Engines/EngineResolver.php(54): call_user_func()
#9 /home/wwwroot/admin.cnmb.win/SSRPanel/vendor/laravel/framework/src/Illuminate/Support/Facades/Blade.php(34): Illuminate\\View\\Engines\\EngineResolver->resolve()
#10 /home/wwwroot/admin.cnmb.win/SSRPanel/vendor/laravel/framework/src/Illuminate/Support/Facades/Facade.php(130): Illuminate\\Support\\Facades\\Blade::getFacadeAccessor()
#11 /home/wwwroot/admin.cnmb.win/SSRPanel/vendor/laravel/framework/src/Illuminate/Support/Facades/Facade.php(217): Illuminate\\Support\\Facades\\Facade::getFacadeRoot()
#12 /home/wwwroot/admin.cnmb.win/SSRPanel/vendor/misechow/geetest/src/GeetestServiceProvider.php(50): Illuminate\\Support\\Facades\\Facade::__callStatic()
#13 [internal function]: Misechow\\Geetest\\GeetestServiceProvider->boot()
#14 /home/wwwroot/admin.cnmb.win/SSRPanel/vendor/laravel/framework/src/Illuminate/Container/BoundMethod.php(29): call_user_func_array()
#15 /home/wwwroot/admin.cnmb.win/SSRPanel/vendor/laravel/framework/src/Illuminate/Container/BoundMethod.php(87): Illuminate\\Container\\BoundMethod::Illuminate\\Container\\{closure}()
#16 /home/wwwroot/admin.cnmb.win/SSRPanel/vendor/laravel/framework/src/Illuminate/Container/BoundMethod.php(31): Illuminate\\Container\\BoundMethod::callBoundMethod()
#17 /home/wwwroot/admin.cnmb.win/SSRPanel/vendor/laravel/framework/src/Illuminate/Container/Container.php(564): Illuminate\\Container\\BoundMethod::call()
#18 /home/wwwroot/admin.cnmb.win/SSRPanel/vendor/laravel/framework/src/Illuminate/Foundation/Application.php(794): Illuminate\\Container\\Container->call()
#19 /home/wwwroot/admin.cnmb.win/SSRPanel/vendor/laravel/framework/src/Illuminate/Foundation/Application.php(777): Illuminate\\Foundation\\Application->bootProvider()
#20 [internal function]: Illuminate\\Foundation\\Application->Illuminate\\Foundation\\{closure}()
#21 /home/wwwroot/admin.cnmb.win/SSRPanel/vendor/laravel/framework/src/Illuminate/Foundation/Application.php(778): array_walk()
#22 /home/wwwroot/admin.cnmb.win/SSRPanel/vendor/laravel/framework/src/Illuminate/Foundation/Bootstrap/BootProviders.php(17): Illuminate\\Foundation\\Application->boot()
#23 /home/wwwroot/admin.cnmb.win/SSRPanel/vendor/laravel/framework/src/Illuminate/Foundation/Application.php(206): Illuminate\\Foundation\\Bootstrap\\BootProviders->bootstrap()
#24 /home/wwwroot/admin.cnmb.win/SSRPanel/vendor/laravel/framework/src/Illuminate/Foundation/Console/Kernel.php(297): Illuminate\\Foundation\\Application->bootstrapWith()
#25 /home/wwwroot/admin.cnmb.win/SSRPanel/vendor/laravel/framework/src/Illuminate/Foundation/Console/Kernel.php(120): Illuminate\\Foundation\\Console\\Kernel->bootstrap()
#26 /home/wwwroot/admin.cnmb.win/SSRPanel/artisan(37): Illuminate\\Foundation\\Console\\Kernel->handle()
#27 {main}
"} 
